[thegenius.co/html/crsine_new/index.html]
[backblue.gif]
[fade.gif]
[index.html]
[thegenius.co/html/crsine_new/assets/images/favicons/apple-touch-icon.png]
[thegenius.co/html/crsine_new/assets/images/favicons/favicon-32x32.png]
[thegenius.co/html/crsine_new/assets/images/favicons/favicon-16x16.png]
[thegenius.co/html/crsine_new/assets/vendors/bootstrap/css/bootstrap.min.css]
[thegenius.co/html/crsine_new/assets/vendors/animate/animate.min.css]
[thegenius.co/html/crsine_new/assets/vendors/fontawesome/css/all.min.css]
[thegenius.co/html/crsine_new/assets/vendors/jarallax/jarallax.css]
[thegenius.co/html/crsine_new/assets/vendors/nouislider/nouislider.min.css]
[thegenius.co/html/crsine_new/assets/vendors/nouislider/nouislider.pips.css]
[thegenius.co/html/crsine_new/assets/vendors/odometer/odometer.min.css]
[thegenius.co/html/crsine_new/assets/vendors/swiper/swiper.min.css]
[thegenius.co/html/crsine_new/assets/vendors/crsine-icons/style.css]
[thegenius.co/html/crsine_new/assets/vendors/tiny-slider/tiny-slider.min.css]
[thegenius.co/html/crsine_new/assets/vendors/jquery-fancybox/jquery.fancybox.min.css]
[thegenius.co/html/crsine_new/assets/css/crsine.css]
[thegenius.co/html/crsine_new/assets/images/loader.png]
[thegenius.co/html/crsine_new/assets/images/logo-light.png]
[thegenius.co/html/crsine_new/index-2.html]
[thegenius.co/html/crsine_new/about.html]
[thegenius.co/html/crsine_new/services.html]
[thegenius.co/html/crsine_new/service-details.html]
[thegenius.co/html/crsine_new/online-booking.html]
[thegenius.co/html/crsine_new/pricing.html]
[thegenius.co/html/crsine_new/contact.html]
[thegenius.co/html/crsine_new/faqs.html]
[thegenius.co/html/crsine_new/gallery.html]
[thegenius.co/html/crsine_new/help.html]
[thegenius.co/html/crsine_new/404.html]
[thegenius.co/html/crsine_new/shop.html]
[thegenius.co/html/crsine_new/shop-details.html]
[thegenius.co/html/crsine_new/news.html]
[thegenius.co/html/crsine_new/news-details.html]
[thegenius.co/html/crsine_new/assets/images/backgrounds/main-slider-1-1.jpg]
[thegenius.co/html/crsine_new/assets/images/backgrounds/main-slider-1-2.jpg]
[thegenius.co/html/crsine_new/assets/images/resources/about-2-1.jpg]
[thegenius.co/html/crsine_new/assets/images/backgrounds/service-bg-1.png]
[thegenius.co/html/crsine_new/assets/images/services/service-1-1.jpg]
[thegenius.co/html/crsine_new/assets/images/services/service-1-2.jpg]
[thegenius.co/html/crsine_new/assets/images/services/service-1-3.jpg]
[thegenius.co/html/crsine_new/assets/images/backgrounds/feature-bg-1-1.jpg]
[thegenius.co/html/crsine_new/assets/images/resources/video-1-1.jpg]
[thegenius.co/html/crsine_new/assets/images/resources/feature-1-1.jpg]
[thegenius.co/html/crsine_new/assets/images/gallery/gallery-2-1.jpg]
[thegenius.co/html/crsine_new/assets/images/gallery/gallery-2-2.jpg]
[thegenius.co/html/crsine_new/assets/images/gallery/gallery-2-3.jpg]
[thegenius.co/html/crsine_new/assets/images/gallery/gallery-2-4.jpg]
[thegenius.co/html/crsine_new/assets/images/gallery/gallery-2-5.jpg]
[thegenius.co/html/crsine_new/assets/images/blog/blog-1-1.png]
[thegenius.co/html/crsine_new/assets/images/blog/blog-1-2.png]
[thegenius.co/html/crsine_new/assets/images/blog/blog-1-3.png]
[thegenius.co/html/crsine_new/assets/images/resources/brand-1-1.png]
[thegenius.co/html/crsine_new/assets/images/backgrounds/footer-bg-1.png]
[thegenius.co/html/crsine_new/assets/images/products/product-s-1.jpg]
[thegenius.co/html/crsine_new/product-details.html]
[thegenius.co/html/crsine_new/assets/images/products/product-s-2.jpg]
[thegenius.co/html/crsine_new/assets/images/products/product-s-3.jpg]
[thegenius.co/html/crsine_new/checkout.html]
[thegenius.co/html/crsine_new/assets/vendors/jquery/jquery-3.5.1.min.js]
[thegenius.co/html/crsine_new/assets/vendors/bootstrap/js/bootstrap.bundle.min.js]
[thegenius.co/html/crsine_new/assets/vendors/jarallax/jarallax.min.js]
[thegenius.co/html/crsine_new/assets/vendors/jquery-ajaxchimp/jquery.ajaxchimp.min.js]
[thegenius.co/html/crsine_new/assets/vendors/jquery-appear/jquery.appear.min.js]
[thegenius.co/html/crsine_new/assets/vendors/jquery-circle-progress/jquery.circle-progress.min.js]
[thegenius.co/html/crsine_new/assets/vendors/jquery-validate/jquery.validate.min.js]
[thegenius.co/html/crsine_new/assets/vendors/nouislider/nouislider.min.js]
[thegenius.co/html/crsine_new/assets/vendors/odometer/odometer.min.js]
[thegenius.co/html/crsine_new/assets/vendors/swiper/swiper.min.js]
[thegenius.co/html/crsine_new/assets/vendors/tiny-slider/tiny-slider.min.js]
[thegenius.co/html/crsine_new/assets/vendors/wnumb/wNumb.min.js]
[thegenius.co/html/crsine_new/assets/vendors/wow/wow.js]
[thegenius.co/html/crsine_new/assets/vendors/isotope/isotope.js]
[thegenius.co/html/crsine_new/assets/vendors/countdown/countdown.min.js]
[thegenius.co/html/crsine_new/assets/vendors/jquery-fancybox/jquery.fancybox.min.js]
[thegenius.co/html/crsine_new/assets/js/crsine.js]
[thegenius.co/html/crsine_new/index.html]
[thegenius.co/html/crsine_new/assets/images/favicons/site.html]
[thegenius.co/html/crsine_new/assets/vendors/bootstrap/css/bootstrap.min.css]
[thegenius.co/html/crsine_new/assets/vendors/animate/animate.min.css]
[thegenius.co/html/crsine_new/assets/vendors/fontawesome/webfonts/fa-brands-400.eot]
[thegenius.co/html/crsine_new/assets/vendors/fontawesome/webfonts/fa-brands-400d41d.eot]
[thegenius.co/html/crsine_new/assets/vendors/fontawesome/webfonts/fa-brands-400.woff2]
[thegenius.co/html/crsine_new/assets/vendors/fontawesome/webfonts/fa-brands-400.woff]
[thegenius.co/html/crsine_new/assets/vendors/fontawesome/webfonts/fa-brands-400.ttf]
[thegenius.co/html/crsine_new/assets/vendors/fontawesome/webfonts/fa-regular-400.eot]
[thegenius.co/html/crsine_new/assets/vendors/fontawesome/webfonts/fa-regular-400d41d.eot]
[thegenius.co/html/crsine_new/assets/vendors/fontawesome/webfonts/fa-brands-400.svg]
[thegenius.co/html/crsine_new/assets/vendors/fontawesome/webfonts/fa-regular-400.woff2]
[thegenius.co/html/crsine_new/assets/vendors/fontawesome/webfonts/fa-regular-400.woff]
[thegenius.co/html/crsine_new/assets/vendors/fontawesome/webfonts/fa-regular-400.ttf]
[thegenius.co/html/crsine_new/assets/vendors/fontawesome/webfonts/fa-regular-400.svg]
[thegenius.co/html/crsine_new/assets/vendors/fontawesome/webfonts/fa-solid-900.eot]
[thegenius.co/html/crsine_new/assets/vendors/fontawesome/webfonts/fa-solid-900d41d.eot]
[thegenius.co/html/crsine_new/assets/vendors/fontawesome/webfonts/fa-solid-900.woff2]
[thegenius.co/html/crsine_new/assets/vendors/fontawesome/webfonts/fa-solid-900.woff]
[thegenius.co/html/crsine_new/assets/vendors/fontawesome/webfonts/fa-solid-900.ttf]
[thegenius.co/html/crsine_new/assets/vendors/fontawesome/css/all.min.css]
[thegenius.co/html/crsine_new/assets/vendors/jarallax/jarallax.css]
[thegenius.co/html/crsine_new/assets/vendors/nouislider/nouislider.min.css]
[thegenius.co/html/crsine_new/assets/vendors/nouislider/nouislider.pips.css]
[thegenius.co/html/crsine_new/assets/vendors/odometer/odometer.min.css]
[thegenius.co/html/crsine_new/assets/vendors/swiper/swiper.min.css]
[thegenius.co/html/crsine_new/assets/vendors/crsine-icons/fonts/crsine3741.eot]
[thegenius.co/html/crsine_new/assets/vendors/crsine-icons/fonts/crsine3741.ttf]
[thegenius.co/html/crsine_new/assets/vendors/crsine-icons/fonts/crsine3741.woff]
[thegenius.co/html/crsine_new/assets/vendors/crsine-icons/style.css]
[thegenius.co/html/crsine_new/assets/vendors/tiny-slider/tiny-slider.min.css]
[thegenius.co/html/crsine_new/assets/vendors/jquery-fancybox/jquery.fancybox.min.html]
[thegenius.co/html/crsine_new/assets/vendors/fontawesome/webfonts/fa-solid-900.svg]
[thegenius.co/html/crsine_new/assets/vendors/crsine-icons/fonts/crsine3741.svg]
[thegenius.co/html/crsine_new/assets/images/shapes/top-shadow.png]
[thegenius.co/html/crsine_new/assets/images/shapes/price-tab-arrow.png]
[thegenius.co/html/crsine_new/assets/images/shapes/service-qoute-1-1.png]
[thegenius.co/html/crsine_new/assets/images/shapes/testimonials-bg-1-1.png]
[thegenius.co/html/crsine_new/assets/images/shapes/features-shape-1.png]
[thegenius.co/html/crsine_new/assets/css/crsine.css]
[thegenius.co/html/crsine_new/assets/images/logo-dark.png]
[thegenius.co/html/crsine_new/assets/images/backgrounds/main-slider-2-1.jpg]
[thegenius.co/html/crsine_new/assets/images/backgrounds/main-slider-2-2.jpg]
[thegenius.co/html/crsine_new/assets/images/shapes/about-5-shape-1.png]
[thegenius.co/html/crsine_new/assets/images/resources/about-1-1.jpg]
[thegenius.co/html/crsine_new/assets/images/resources/about-1-2.jpg]
[thegenius.co/html/crsine_new/assets/images/resources/about-4-1.jpg]
[thegenius.co/html/crsine_new/assets/images/team/team-1-1.jpg]
[thegenius.co/html/crsine_new/assets/images/team/team-1-2.jpg]
[thegenius.co/html/crsine_new/assets/images/team/team-1-4.jpg]
[thegenius.co/html/crsine_new/assets/images/team/team-1-3.jpg]
[thegenius.co/html/crsine_new/assets/images/backgrounds/cta-bg-1-1.jpg]
[thegenius.co/html/crsine_new/assets/images/resources/testi-1-1.jpg]
[thegenius.co/html/crsine_new/assets/images/resources/testi-1-2.jpg]
[thegenius.co/html/crsine_new/assets/images/resources/testi-1-3.jpg]
[thegenius.co/html/crsine_new/assets/images/resources/about-3-1.jpg]
[thegenius.co/html/crsine_new/assets/images/backgrounds/cta-bg-2-2.jpg]
[thegenius.co/html/crsine_new/assets/images/backgrounds/cta-bg-2-1.jpg]
[thegenius.co/html/crsine_new/index-2.html]
[thegenius.co/html/crsine_new/about.html]
[thegenius.co/html/crsine_new/assets/images/backgrounds/page-header-bg-1-1.jpg]
[thegenius.co/html/crsine_new/assets/images/services/service-1-4.jpg]
[thegenius.co/html/crsine_new/assets/images/services/service-1-5.jpg]
[thegenius.co/html/crsine_new/assets/images/services/service-1-6.jpg]
[thegenius.co/html/crsine_new/services.html]
[thegenius.co/html/crsine_new/assets/images/backgrounds/faq-sidebar-b.jpg]
[thegenius.co/html/crsine_new/assets/images/services/service-d-1.jpg]
[thegenius.co/html/crsine_new/assets/images/services/service-d-2.jpg]
[thegenius.co/html/crsine_new/service-details.html]
[thegenius.co/html/crsine_new/online-booking.html]
[thegenius.co/html/crsine_new/pricing.html]
[thegenius.co/html/crsine_new/contact.html]
[thegenius.co/html/crsine_new/faqs.html]
[thegenius.co/html/crsine_new/assets/images/gallery/gallery-1-1.jpg]
[thegenius.co/html/crsine_new/assets/images/gallery/gallery-1-2.jpg]
[thegenius.co/html/crsine_new/assets/images/gallery/gallery-1-3.jpg]
[thegenius.co/html/crsine_new/assets/images/gallery/gallery-1-4.jpg]
[thegenius.co/html/crsine_new/assets/images/gallery/gallery-1-5.jpg]
[thegenius.co/html/crsine_new/assets/images/gallery/gallery-1-6.jpg]
[thegenius.co/html/crsine_new/assets/images/gallery/gallery-1-7.jpg]
[thegenius.co/html/crsine_new/assets/images/gallery/gallery-1-8.jpg]
[thegenius.co/html/crsine_new/assets/images/gallery/gallery-1-9.jpg]
[thegenius.co/html/crsine_new/gallery.html]
[thegenius.co/html/crsine_new/help.html]
[thegenius.co/html/crsine_new/assets/images/shapes/404-bg.png]
[thegenius.co/html/crsine_new/404.html]
[thegenius.co/html/crsine_new/assets/images/products/product-1-1.jpg]
[thegenius.co/html/crsine_new/assets/images/products/product-1-2.jpg]
[thegenius.co/html/crsine_new/assets/images/products/product-1-3.jpg]
[thegenius.co/html/crsine_new/assets/images/products/product-1-4.jpg]
[thegenius.co/html/crsine_new/assets/images/products/product-1-5.jpg]
[thegenius.co/html/crsine_new/assets/images/products/product-1-6.jpg]
[thegenius.co/html/crsine_new/shop.html]
[thegenius.co/html/crsine_new/assets/images/products/product-d-1-1.jpg]
[thegenius.co/html/crsine_new/assets/images/blog/blog-comment-1-1.jpg]
[thegenius.co/html/crsine_new/assets/images/blog/blog-comment-1-2.jpg]
[thegenius.co/html/crsine_new/shop-details.html]
[thegenius.co/html/crsine_new/assets/images/blog/blog-1-4.png]
[thegenius.co/html/crsine_new/assets/images/blog/blog-1-5.png]
[thegenius.co/html/crsine_new/assets/images/blog/blog-1-6.png]
[thegenius.co/html/crsine_new/news.html]
[thegenius.co/html/crsine_new/assets/images/blog/blog-d-1-1.jpg]
[thegenius.co/html/crsine_new/assets/images/blog/blog-author-1-1.jpg]
[thegenius.co/html/crsine_new/assets/images/blog/lp-1-1.jpg]
[thegenius.co/html/crsine_new/assets/images/blog/lp-1-2.jpg]
[thegenius.co/html/crsine_new/assets/images/blog/lp-1-3.jpg]
[thegenius.co/html/crsine_new/assets/images/blog/gallery-1-1.jpg]
[thegenius.co/html/crsine_new/assets/images/blog/gallery-1-2.jpg]
[thegenius.co/html/crsine_new/assets/images/blog/gallery-1-3.jpg]
[thegenius.co/html/crsine_new/assets/images/blog/gallery-1-4.jpg]
[thegenius.co/html/crsine_new/assets/images/blog/gallery-1-5.jpg]
[thegenius.co/html/crsine_new/assets/images/blog/gallery-1-6.jpg]
[thegenius.co/html/crsine_new/news-details.html]
[thegenius.co/html/crsine_new/product-details.html]
[thegenius.co/html/crsine_new/checkout.html]
[thegenius.co/html/crsine_new/assets/vendors/jquery-fancybox/jquery.fancybox.min-2.html]
[thegenius.co/html/crsine_new/assets/vendors/fontawesome/webfonts/fa-brands-400.svg]
[thegenius.co/html/crsine_new/assets/vendors/fontawesome/webfonts/fa-regular-400.svg]
[thegenius.co/html/crsine_new/assets/vendors/fontawesome/webfonts/fa-solid-900.svg]
[thegenius.co/html/crsine_new/assets/vendors/crsine-icons/fonts/crsine3741.svg]
[thegenius.co/html/crsine_new/assets/images/shapes/ripped-paper-white-up.html]
